#
# There is insufficient memory for the Java Runtime Environment to continue.
# Native memory allocation (mmap) failed to map 264241152 bytes for G1 virtual space
# Possible reasons:
#   The system is out of physical RAM or swap space
#   The process is running with CompressedOops enabled, and the Java Heap may be blocking the growth of the native heap
# Possible solutions:
#   Reduce memory load on the system
#   Increase physical memory or swap space
#   Check if swap backing store is full
#   Decrease Java heap size (-Xmx/-Xms)
#   Decrease number of Java threads
#   Decrease Java thread stack sizes (-Xss)
#   Set larger code cache with -XX:ReservedCodeCacheSize=
#   JVM is running with Zero Based Compressed Oops mode in which the Java heap is
#     placed in the first 32GB address space. The Java Heap base address is the
#     maximum limit for the native heap growth. Please use -XX:HeapBaseMinAddress
#     to set the Java Heap base and to place the Java Heap above 32GB virtual address.
# This output file may be truncated or incomplete.
#
#  Out of Memory Error (os_windows.cpp:3557), pid=19324, tid=16428
#
# JRE version:  (17.0.6+10) (build )
# Java VM: OpenJDK 64-Bit Server VM (17.0.6+10, mixed mode, sharing, tiered, compressed oops, compressed class ptrs, g1 gc, windows-amd64)
# No core dump will be written. Minidumps are not enabled by default on client versions of Windows
#

---------------  S U M M A R Y ------------

Command Line: -ea -Dfile.encoding=UTF-8 -XX:+ShowCodeDetailsInExceptionMessages org.testng.remote.RemoteTestNG -serport 55307 -protocol json -d C:\Users\Andrei\eclipse-workspace\Omnilimo\test-output C:\Users\Andrei\AppData\Local\Temp\testng-eclipse-1013886117\testng-customsuite.xml

Host: 12th Gen Intel(R) Core(TM) i7-12700H, 20 cores, 15G,  Windows 11 , 64 bit Build 22621 (10.0.22621.1194)
Time: Fri Mar  3 16:04:17 2023 E. Europe Standard Time elapsed time: 0.006515 seconds (0d 0h 0m 0s)

---------------  T H R E A D  ---------------

Current thread (0x0000024ba00a9450):  JavaThread "Unknown thread" [_thread_in_vm, id=16428, stack(0x0000009975700000,0x0000009975800000)]

Stack: [0x0000009975700000,0x0000009975800000]
Native frames: (J=compiled Java code, j=interpreted, Vv=VM code, C=native code)
V  [jvm.dll+0x67741a]
V  [jvm.dll+0x834434]
V  [jvm.dll+0x835bde]
V  [jvm.dll+0x836243]
V  [jvm.dll+0x2457b5]
V  [jvm.dll+0x674329]
V  [jvm.dll+0x6689da]
V  [jvm.dll+0x30489b]
V  [jvm.dll+0x30bd96]
V  [jvm.dll+0x35b57e]
V  [jvm.dll+0x35b7af]
V  [jvm.dll+0x2db778]
V  [jvm.dll+0x2dc6e4]
V  [jvm.dll+0x806131]
V  [jvm.dll+0x369331]
V  [jvm.dll+0x7e56ac]
V  [jvm.dll+0x3eb35f]
V  [jvm.dll+0x3ecea1]
C  [jli.dll+0x5267]
C  [ucrtbase.dll+0x29363]
C  [KERNEL32.DLL+0x126bd]
C  [ntdll.dll+0x5dfb8]


---------------  P R O C E S S  ---------------

Threads class SMR info:
_java_thread_list=0x00007fffd3445fd8, length=0, elements={
}

Java Threads: ( => current thread )

Other Threads:
  0x0000024ba0116290 GCTaskThread "GC Thread#0" [stack: 0x0000009975800000,0x0000009975900000] [id=22276]
  0x0000024ba0126be0 ConcurrentGCThread "G1 Main Marker" [stack: 0x0000009975900000,0x0000009975a00000] [id=12708]
  0x0000024ba01275f0 ConcurrentGCThread "G1 Conc#0" [stack: 0x0000009975a00000,0x0000009975b00000] [id=28592]

[error occurred during error reporting (printing all threads), id 0xc0000005, EXCEPTION_ACCESS_VIOLATION (0xc0000005) at pc=0x00007fffd2c1c1e7]

VM state: not at safepoint (not fully initialized)

VM Mutex/Monitor currently owned by a thread:  ([mutex/lock_event])
[0x0000024ba00a5a80] Heap_lock - owner thread: 0x0000024ba00a9450

Heap address: 0x0000000705e00000, size: 4002 MB, Compressed Oops mode: Zero based, Oop shift amount: 3

CDS archive(s) mapped at: [0x0000000000000000-0x0000000000000000-0x0000000000000000), size 0, SharedBaseAddress: 0x0000000800000000, ArchiveRelocationMode: 0.
Narrow klass base: 0x0000000000000000, Narrow klass shift: 0, Narrow klass range: 0x0

GC Precious Log:
<Empty>

Heap:
 garbage-first heap   total 0K, used 0K [0x0000000705e00000, 0x0000000800000000)
  region size 2048K, 0 young (0K), 0 survivors (0K)

[error occurred during error reporting (printing heap information), id 0xc0000005, EXCEPTION_ACCESS_VIOLATION (0xc0000005) at pc=0x00007fffd30006f9]

GC Heap History (0 events):
No events

Dll operation events (1 events):
Event: 0.003 Loaded shared library C:\Users\Andrei\.p2\pool\plugins\org.eclipse.justj.openjdk.hotspot.jre.full.win32.x86_64_17.0.6.v20230125-1136\jre\bin\java.dll

Deoptimization events (0 events):
No events

Classes unloaded (0 events):
No events

Classes redefined (0 events):
No events

Internal exceptions (0 events):
No events

VM Operations (0 events):
No events

Events (0 events):
No events


Dynamic libraries:
0x00007ff70c680000 - 0x00007ff70c68e000 	C:\Users\Andrei\.p2\pool\plugins\org.eclipse.justj.openjdk.hotspot.jre.full.win32.x86_64_17.0.6.v20230125-1136\jre\bin\javaw.exe
0x00007ff81c6d0000 - 0x00007ff81c8e4000 	C:\WINDOWS\SYSTEM32\ntdll.dll
0x00007ff81b160000 - 0x00007ff81b223000 	C:\WINDOWS\System32\KERNEL32.DLL
0x00007ff819b10000 - 0x00007ff819eac000 	C:\WINDOWS\System32\KERNELBASE.dll
0x00007ff81a3c0000 - 0x00007ff81a4d1000 	C:\WINDOWS\System32\ucrtbase.dll
0x00007ff80fb20000 - 0x00007ff80fb37000 	C:\Users\Andrei\.p2\pool\plugins\org.eclipse.justj.openjdk.hotspot.jre.full.win32.x86_64_17.0.6.v20230125-1136\jre\bin\jli.dll
0x00007ff81c4e0000 - 0x00007ff81c68d000 	C:\WINDOWS\System32\USER32.dll
0x00007ff80ccb0000 - 0x00007ff80ccc9000 	C:\Users\Andrei\.p2\pool\plugins\org.eclipse.justj.openjdk.hotspot.jre.full.win32.x86_64_17.0.6.v20230125-1136\jre\bin\VCRUNTIME140.dll
0x00007ff81a230000 - 0x00007ff81a256000 	C:\WINDOWS\System32\win32u.dll
0x00007ff81c120000 - 0x00007ff81c149000 	C:\WINDOWS\System32\GDI32.dll
0x00007ff808c40000 - 0x00007ff808ece000 	C:\WINDOWS\WinSxS\amd64_microsoft.windows.common-controls_6595b64144ccf1df_6.0.22621.608_none_a9444ca7c10bb01d\COMCTL32.dll
0x00007ff81a110000 - 0x00007ff81a222000 	C:\WINDOWS\System32\gdi32full.dll
0x00007ff81ac40000 - 0x00007ff81ace7000 	C:\WINDOWS\System32\msvcrt.dll
0x00007ff81a260000 - 0x00007ff81a2fa000 	C:\WINDOWS\System32\msvcp_win.dll
0x00007ff81b110000 - 0x00007ff81b142000 	C:\WINDOWS\System32\IMM32.DLL
0x00007ff817810000 - 0x00007ff81781c000 	C:\Users\Andrei\.p2\pool\plugins\org.eclipse.justj.openjdk.hotspot.jre.full.win32.x86_64_17.0.6.v20230125-1136\jre\bin\vcruntime140_1.dll
0x00007fffef220000 - 0x00007fffef2b1000 	C:\Users\Andrei\.p2\pool\plugins\org.eclipse.justj.openjdk.hotspot.jre.full.win32.x86_64_17.0.6.v20230125-1136\jre\bin\msvcp140.dll
0x00007fffd2930000 - 0x00007fffd3577000 	C:\Users\Andrei\.p2\pool\plugins\org.eclipse.justj.openjdk.hotspot.jre.full.win32.x86_64_17.0.6.v20230125-1136\jre\bin\server\jvm.dll
0x00007ff81b230000 - 0x00007ff81b2de000 	C:\WINDOWS\System32\ADVAPI32.dll
0x00007ff81aed0000 - 0x00007ff81af74000 	C:\WINDOWS\System32\sechost.dll
0x00007ff81adb0000 - 0x00007ff81aec5000 	C:\WINDOWS\System32\RPCRT4.dll
0x00007ff8130a0000 - 0x00007ff8130d4000 	C:\WINDOWS\SYSTEM32\WINMM.dll
0x00007ff80abc0000 - 0x00007ff80abc9000 	C:\WINDOWS\SYSTEM32\WSOCK32.dll
0x00007ff81b610000 - 0x00007ff81b681000 	C:\WINDOWS\System32\WS2_32.dll
0x00007ff812b00000 - 0x00007ff812b0a000 	C:\WINDOWS\SYSTEM32\VERSION.dll
0x00007ff818c50000 - 0x00007ff818c68000 	C:\WINDOWS\SYSTEM32\kernel.appcore.dll
0x00007ff8177d0000 - 0x00007ff8177da000 	C:\Users\Andrei\.p2\pool\plugins\org.eclipse.justj.openjdk.hotspot.jre.full.win32.x86_64_17.0.6.v20230125-1136\jre\bin\jimage.dll
0x00007ff816e10000 - 0x00007ff81703e000 	C:\WINDOWS\SYSTEM32\DBGHELP.DLL
0x00007ff81c150000 - 0x00007ff81c4da000 	C:\WINDOWS\System32\combase.dll
0x00007ff81af80000 - 0x00007ff81b057000 	C:\WINDOWS\System32\OLEAUT32.dll
0x00007ff8103c0000 - 0x00007ff8103f2000 	C:\WINDOWS\SYSTEM32\dbgcore.DLL
0x00007ff81a090000 - 0x00007ff81a10b000 	C:\WINDOWS\System32\bcryptPrimitives.dll
0x00007ff801ba0000 - 0x00007ff801bc5000 	C:\Users\Andrei\.p2\pool\plugins\org.eclipse.justj.openjdk.hotspot.jre.full.win32.x86_64_17.0.6.v20230125-1136\jre\bin\java.dll

dbghelp: loaded successfully - version: 4.0.5 - missing functions: none
symbol engine: initialized successfully - sym options: 0x614 - pdb path: .;C:\Users\Andrei\.p2\pool\plugins\org.eclipse.justj.openjdk.hotspot.jre.full.win32.x86_64_17.0.6.v20230125-1136\jre\bin;C:\WINDOWS\SYSTEM32;C:\WINDOWS\WinSxS\amd64_microsoft.windows.common-controls_6595b64144ccf1df_6.0.22621.608_none_a9444ca7c10bb01d;C:\Users\Andrei\.p2\pool\plugins\org.eclipse.justj.openjdk.hotspot.jre.full.win32.x86_64_17.0.6.v20230125-1136\jre\bin\server

VM Arguments:
jvm_args: -ea -Dfile.encoding=UTF-8 -XX:+ShowCodeDetailsInExceptionMessages 
java_command: org.testng.remote.RemoteTestNG -serport 55307 -protocol json -d C:\Users\Andrei\eclipse-workspace\Omnilimo\test-output C:\Users\Andrei\AppData\Local\Temp\testng-eclipse-1013886117\testng-customsuite.xml
java_class_path (initial): C:\Users\Andrei\eclipse\committers-2022-12\eclipse\configuration\org.eclipse.osgi\494\0\.cp\lib\testng-remote.jar;C:\Users\Andrei\eclipse-workspace\Omnilimo\target\test-classes;C:\Users\Andrei\eclipse-workspace\Omnilimo\target\classes;C:\Users\Andrei\.p2\pool\plugins\org.testng_7.4.0.r202105021533.jar;C:\Users\Andrei\.p2\pool\plugins\com.beust.jcommander_1.78.0.jar;C:\Users\Andrei\.p2\pool\plugins\org.apache-extras.beanshell.bsh_2.0.0.b6.jar;C:\Users\Andrei\.p2\pool\plugins\org.yaml.snakeyaml_1.27.0.v20221112-0806.jar;C:\Users\Andrei\.p2\pool\plugins\org.webjars.jquery_3.5.1.jar;C:\Users\Andrei\.m2\repository\junit\junit\4.11\junit-4.11.jar;C:\Users\Andrei\.m2\repository\org\hamcrest\hamcrest-core\1.3\hamcrest-core-1.3.jar;C:\Users\Andrei\.m2\repository\org\seleniumhq\selenium\selenium-java\4.8.1\selenium-java-4.8.1.jar;C:\Users\Andrei\.m2\repository\org\seleniumhq\selenium\selenium-api\4.8.1\selenium-api-4.8.1.jar;C:\Users\Andrei\.m2\repository\org\seleniumhq\selenium\selenium-chrome-driver\4.8.1\selenium-chrome-driver-4.8.1.jar;C:\Users\Andrei\.m2\repository\com\google\auto\service\auto-service-annotations\1.0.1\auto-service-annotations-1.0.1.jar;C:\Users\Andrei\.m2\repository\com\google\auto\service\auto-service\1.0.1\auto-service-1.0.1.jar;C:\Users\Andrei\.m2\repository\com\google\auto\auto-common\1.2\auto-common-1.2.jar;C:\Users\Andrei\.m2\repository\com\google\guava\guava\31.1-jre\guava-31.1-jre.jar;C:\Users\Andrei\.m2\repository\com\google\guava\failureaccess\1.0.1\failureaccess-1.0.1.jar;C:\Users\Andrei\.m2\repository\com\google\guava\listenablefuture\9999.0-empty-to-avoid-conflict-with-guava\listenablefuture-9999.0-empty-to-avoid-conflict-with-guava.jar;C:\Users\Andrei\.m2\repository\com\google\code\findbugs\jsr305\3.0.2\jsr305-3.0.2.jar;C:\Users\Andrei\.m2\repository\org\checkerframework\checker-qual\3.12.0\checker-qual-3.12.0.jar;C:\Users\Andrei\.m2\repository\com\google\errorprone\error_prone_annotations\2.11.0\error_prone_an
Launcher Type: SUN_STANDARD

[Global flags]
     intx CICompilerCount                          = 12                                        {product} {ergonomic}
     uint ConcGCThreads                            = 4                                         {product} {ergonomic}
     uint G1ConcRefinementThreads                  = 15                                        {product} {ergonomic}
   size_t G1HeapRegionSize                         = 2097152                                   {product} {ergonomic}
    uintx GCDrainStackTargetSize                   = 64                                        {product} {ergonomic}
   size_t InitialHeapSize                          = 264241152                                 {product} {ergonomic}
   size_t MarkStackSize                            = 4194304                                   {product} {ergonomic}
   size_t MaxHeapSize                              = 4196401152                                {product} {ergonomic}
   size_t MinHeapDeltaBytes                        = 2097152                                   {product} {ergonomic}
   size_t MinHeapSize                              = 8388608                                   {product} {ergonomic}
    uintx NonNMethodCodeHeapSize                   = 7602480                                {pd product} {ergonomic}
    uintx NonProfiledCodeHeapSize                  = 122027880                              {pd product} {ergonomic}
    uintx ProfiledCodeHeapSize                     = 122027880                              {pd product} {ergonomic}
    uintx ReservedCodeCacheSize                    = 251658240                              {pd product} {ergonomic}
     bool SegmentedCodeCache                       = true                                      {product} {ergonomic}
     bool ShowCodeDetailsInExceptionMessages       = true                                   {manageable} {command line}
   size_t SoftMaxHeapSize                          = 4196401152                             {manageable} {ergonomic}
     bool UseCompressedClassPointers               = true                           {product lp64_product} {ergonomic}
     bool UseCompressedOops                        = true                           {product lp64_product} {ergonomic}
     bool UseG1GC                                  = true                                      {product} {ergonomic}
     bool UseLargePagesIndividualAllocation        = false                                  {pd product} {ergonomic}

Logging:
Log output configuration:
 #0: stdout all=warning uptime,level,tags
 #1: stderr all=off uptime,level,tags

Environment Variables:
PATH=C:/Users/Andrei/.p2/pool/plugins/org.eclipse.justj.openjdk.hotspot.jre.full.win32.x86_64_17.0.6.v20230125-1136/jre/bin/server;C:/Users/Andrei/.p2/pool/plugins/org.eclipse.justj.openjdk.hotspot.jre.full.win32.x86_64_17.0.6.v20230125-1136/jre/bin;C:\Python311\Scripts\;C:\Python311\;C:\Program Files\Common Files\Oracle\Java\javapath;C:\Windows\system32;C:\Windows;C:\Windows\System32\Wbem;C:\Windows\System32\WindowsPowerShell\v1.0\;C:\Windows\System32\OpenSSH\;C:\Program Files\Kubernetes\Minikube;C:\Drivers\chromedriver_win32;;C:\WINDOWS\system32;C:\WINDOWS;C:\WINDOWS\System32\Wbem;C:\WINDOWS\System32\WindowsPowerShell\v1.0\;C:\WINDOWS\System32\OpenSSH\;C:\Program Files (x86)\NVIDIA Corporation\PhysX\Common;C:\Program Files\nodejs\;C:\ProgramData\chocolatey\bin;C:\Users\Andrei\AppData\Local\Microsoft\WindowsApps;C:\Users\Andrei\AppData\Roaming\npm;C:\Users\Andrei\AppData\Local\Coursier\data\bin;C:\WINDOWS\system32;
USERNAME=Andrei
OS=Windows_NT
PROCESSOR_IDENTIFIER=Intel64 Family 6 Model 154 Stepping 3, GenuineIntel
TMP=C:\Users\Andrei\AppData\Local\Temp
TEMP=C:\Users\Andrei\AppData\Local\Temp



---------------  S Y S T E M  ---------------

OS:
 Windows 11 , 64 bit Build 22621 (10.0.22621.1194)
OS uptime: 13 days 22:41 hours

CPU: total 20 (initial active 20) (10 cores per cpu, 2 threads per core) family 6 model 154 stepping 3 microcode 0x41c, cx8, cmov, fxsr, ht, mmx, 3dnowpref, sse, sse2, sse3, ssse3, sse4.1, sse4.2, popcnt, lzcnt, tsc, tscinvbit, avx, avx2, aes, erms, clmul, bmi1, bmi2, adx, sha, fma, vzeroupper, clflush, clflushopt, clwb

Memory: 4k page, system-wide physical 16005M (1269M free)
TotalPageFile size 28781M (AvailPageFile size 83M)
current process WorkingSet (physical memory assigned to process): 11M, peak: 11M
current process commit charge ("private bytes"): 75M, peak: 327M

vm_info: OpenJDK 64-Bit Server VM (17.0.6+10) for windows-amd64 JRE (17.0.6+10), built on Jan 18 2023 10:08:59 by "temurin" with MS VC++ 16.7 (VS2019)

END.
